<?xml version="1.0" encoding="UTF-8"?>
<!-- Generated by org.testng.reporters.JUnitReportReporter -->
<testsuite hostname="DESKTOP-9HD1UFT" name="driverFactory.DriverScript" tests="1" failures="0" timestamp="22 Jun 2022 11:44:25 GMT" time="52.926" errors="0">
  <testcase name="startTest" time="52.926" classname="driverFactory.DriverScript"/>
</testsuite> <!-- driverFactory.DriverScript -->
